SF:lib\infra\repositories\auth.repository_impl.dart
DA:9,4
DA:11,0
DA:13,0
DA:17,0
DA:21,0
DA:23,0
DA:26,1
DA:28,2
DA:29,1
DA:32,1
DA:34,2
DA:35,1
DA:38,1
DA:41,2
DA:42,1
LF:15
LH:10
end_of_record
SF:lib\infra\repositories\planney_user.repository_impl.dart
DA:10,3
DA:12,1
DA:14,2
DA:15,1
DA:16,1
DA:18,1
DA:21,0
DA:23,0
DA:25,0
DA:27,0
DA:31,1
DA:33,2
DA:34,1
DA:35,1
DA:36,2
LF:15
LH:11
end_of_record
SF:lib\infra\services\auth.service_mock.dart
DA:11,1
DA:14,2
DA:17,2
DA:18,5
DA:22,1
DA:28,0
DA:30,0
DA:33,2
DA:35,4
DA:38,4
DA:39,2
DA:42,1
DA:44,2
DA:48,0
DA:50,0
LF:15
LH:11
end_of_record
SF:lib\infra\services\planney_user.service_mock.dart
DA:10,2
DA:12,2
DA:14,2
DA:19,2
DA:20,8
DA:23,2
DA:26,6
DA:30,0
DA:32,0
DA:34,0
DA:36,0
LF:11
LH:7
end_of_record
SF:lib\stores\planney_user.store.dart
DA:17,3
DA:19,3
DA:20,3
DA:23,2
DA:25,2
DA:28,1
DA:30,1
DA:31,1
DA:32,1
LF:9
LH:9
end_of_record
SF:lib\stores\planney_user.store.g.dart
DA:12,4
DA:13,8
DA:15,2
DA:16,4
DA:17,2
DA:20,0
DA:21,0
DA:23,3
DA:25,12
DA:26,3
DA:30,3
DA:31,6
DA:33,0
DA:34,0
DA:35,0
DA:38,0
DA:39,0
DA:41,3
DA:43,12
DA:44,3
DA:48,3
DA:49,6
DA:51,3
DA:52,6
DA:53,3
DA:56,0
DA:57,0
DA:59,3
DA:61,12
DA:62,3
DA:66,3
DA:67,6
DA:69,3
DA:71,6
DA:74,3
DA:76,6
DA:80,2
DA:82,4
DA:85,2
DA:87,4
DA:91,1
DA:93,2
DA:96,1
DA:98,2
DA:102,0
LF:45
LH:35
end_of_record
SF:lib\ui\controller\login.controller.dart
DA:22,1
DA:24,1
DA:25,1
DA:28,1
DA:29,1
DA:32,1
DA:33,4
DA:34,1
DA:35,1
DA:36,1
DA:37,2
DA:38,4
DA:39,2
DA:40,3
DA:41,1
DA:43,0
DA:44,0
DA:46,0
LF:18
LH:15
end_of_record
SF:lib\ui\controller\login.controller.g.dart
DA:15,0
DA:17,0
DA:18,0
DA:21,0
DA:23,0
DA:24,0
DA:28,0
DA:31,0
DA:32,0
LF:9
LH:0
end_of_record
SF:lib\model\api_response.model.dart
DA:6,0
DA:7,0
DA:8,4
DA:9,0
DA:11,0
DA:12,0
DA:13,9
DA:14,0
LF:8
LH:2
end_of_record
SF:lib\infra\services\auth.service.dart
DA:5,0
DA:7,0
DA:8,0
DA:10,0
DA:12,0
DA:16,0
DA:21,0
DA:22,0
DA:25,0
DA:26,0
DA:27,0
DA:28,0
DA:31,0
DA:32,0
DA:36,0
DA:37,0
LF:16
LH:0
end_of_record
SF:lib\model\category.model.dart
DA:15,4
DA:23,0
DA:25,0
DA:31,0
DA:32,0
DA:33,0
DA:34,0
DA:35,0
DA:39,4
DA:40,4
DA:41,4
DA:42,8
DA:43,4
DA:44,8
DA:48,2
DA:49,2
DA:50,2
DA:51,2
DA:52,4
DA:54,2
DA:55,4
DA:59,0
DA:61,0
DA:63,0
DA:68,12
DA:69,4
DA:71,4
DA:72,4
DA:74,4
DA:76,4
DA:77,4
DA:79,4
DA:81,4
DA:82,4
DA:84,4
DA:86,4
DA:87,4
DA:89,4
DA:91,4
DA:92,4
DA:94,4
DA:96,4
DA:97,4
DA:99,4
DA:101,4
DA:102,4
DA:104,4
DA:106,4
DA:107,4
DA:111,3
DA:112,15
LF:51
LH:41
end_of_record
SF:lib\model\planney_user.dart
DA:9,0
DA:11,3
DA:17,0
DA:18,0
DA:19,0
DA:20,0
DA:21,0
DA:25,2
DA:26,2
DA:27,2
DA:28,2
DA:29,2
DA:30,8
DA:34,0
DA:39,0
DA:40,0
DA:41,0
DA:42,0
LF:18
LH:7
end_of_record
SF:lib\infra\services\planney_user.service.dart
DA:6,0
DA:7,0
DA:9,0
DA:12,0
DA:17,0
DA:18,0
DA:20,0
DA:22,0
LF:8
LH:0
end_of_record
SF:lib\model\transaction.model.dart
DA:24,2
DA:34,2
DA:35,2
DA:36,4
DA:37,2
DA:38,4
DA:39,4
DA:40,2
DA:41,4
DA:45,1
DA:46,1
DA:47,1
DA:48,2
DA:50,1
DA:51,1
DA:52,2
DA:54,2
DA:55,1
DA:56,2
DA:60,0
DA:69,0
DA:70,0
DA:71,0
DA:72,0
DA:73,0
DA:74,0
DA:75,0
DA:76,0
LF:28
LH:19
end_of_record
SF:lib\style\style.dart
DA:4,4
DA:5,4
DA:6,4
DA:7,2
DA:8,0
DA:9,0
DA:10,4
DA:11,2
DA:12,4
DA:13,4
DA:14,2
DA:15,4
DA:17,0
DA:18,8
DA:19,8
DA:20,8
DA:21,8
DA:22,0
DA:24,6
DA:26,2
DA:27,2
DA:28,2
DA:29,2
DA:30,2
DA:31,2
DA:32,2
DA:33,2
DA:34,2
DA:35,2
DA:36,2
DA:37,2
DA:38,2
DA:40,3
DA:42,1
DA:43,1
DA:44,1
DA:45,1
DA:46,1
DA:47,1
DA:48,1
DA:49,1
DA:50,1
DA:51,1
DA:52,1
DA:53,1
DA:54,1
DA:56,6
DA:58,2
DA:59,2
DA:60,2
DA:62,2
DA:63,2
DA:68,3
DA:69,1
DA:70,1
DA:71,2
DA:74,1
LF:57
LH:53
end_of_record
SF:lib\infra\repositories\transaction.repository_impl.dart
DA:9,2
DA:11,2
DA:13,6
DA:14,4
DA:15,2
DA:16,2
DA:18,0
DA:22,1
DA:24,2
DA:25,1
DA:26,2
DA:28,2
DA:29,2
DA:30,1
DA:32,1
DA:35,1
DA:37,3
DA:39,1
DA:41,0
DA:45,0
DA:47,0
DA:49,0
DA:51,0
LF:23
LH:17
end_of_record
SF:lib\infra\services\transaction.service_mock.dart
DA:10,2
DA:12,4
DA:14,2
DA:17,2
DA:18,4
DA:19,2
DA:20,2
DA:24,0
DA:26,0
DA:28,0
DA:31,0
DA:32,0
DA:33,0
DA:34,0
DA:35,0
DA:40,1
DA:42,2
DA:44,1
DA:47,1
DA:48,2
DA:49,1
DA:50,1
DA:51,1
DA:56,1
DA:58,2
DA:60,1
DA:62,1
DA:66,2
DA:68,1
DA:69,1
DA:70,1
DA:74,2
DA:76,1
DA:77,1
DA:79,1
DA:80,2
DA:81,1
DA:82,1
DA:84,1
DA:85,2
DA:86,1
DA:87,1
DA:90,4
DA:92,5
DA:94,1
DA:95,2
DA:96,1
DA:97,1
DA:99,1
LF:49
LH:41
end_of_record
SF:lib\stores\category.store.g.dart
DA:12,1
DA:13,2
DA:15,1
DA:17,2
DA:18,1
DA:21,0
DA:23,0
DA:24,0
DA:28,1
DA:29,2
DA:31,1
DA:33,2
DA:36,1
DA:38,2
DA:42,0
DA:44,0
DA:47,0
DA:49,0
DA:53,0
DA:55,0
DA:58,0
DA:60,0
DA:64,0
DA:66,0
DA:69,0
DA:71,0
DA:75,0
DA:78,0
DA:79,0
LF:29
LH:11
end_of_record
SF:lib\stores\category.store.dart
DA:12,1
DA:14,2
DA:15,2
DA:18,0
DA:20,0
DA:23,0
DA:25,0
DA:28,0
DA:30,0
DA:31,0
DA:34,0
DA:37,0
LF:12
LH:3
end_of_record
SF:lib\stores\transactions.store.g.dart
DA:14,1
DA:15,1
DA:16,3
DA:17,1
DA:19,2
DA:20,4
DA:22,2
DA:24,4
DA:25,2
DA:28,0
DA:30,0
DA:31,0
DA:35,2
DA:36,4
DA:38,1
DA:40,2
DA:43,1
DA:45,2
DA:49,2
DA:51,4
DA:54,2
DA:56,4
DA:60,1
DA:62,2
DA:65,1
DA:67,2
DA:71,0
DA:74,0
DA:75,0
DA:76,0
LF:30
LH:23
end_of_record
SF:lib\stores\transactions.store.dart
DA:12,1
DA:13,2
DA:15,1
DA:17,2
DA:18,2
DA:19,1
DA:22,2
DA:24,4
DA:25,2
DA:28,1
DA:30,6
DA:31,1
DA:34,2
DA:35,12
LF:14
LH:14
end_of_record
SF:lib\ui\controller\home.controller.g.dart
DA:14,1
DA:16,4
DA:18,1
DA:20,2
DA:21,4
DA:23,2
DA:24,4
DA:25,2
DA:28,2
DA:29,2
DA:31,2
DA:33,8
DA:34,2
DA:38,1
DA:39,2
DA:41,1
DA:43,2
DA:44,1
DA:47,1
DA:49,4
DA:50,1
DA:54,1
DA:55,2
DA:57,1
DA:59,2
DA:60,1
DA:63,1
DA:65,4
DA:66,1
DA:70,2
DA:71,4
DA:73,2
DA:75,4
DA:76,2
DA:79,0
DA:81,0
DA:82,0
DA:86,2
DA:87,4
DA:89,2
DA:91,4
DA:92,2
DA:95,0
DA:97,0
DA:98,0
DA:102,1
DA:103,2
DA:105,1
DA:107,2
DA:108,1
DA:111,0
DA:113,0
DA:114,0
DA:118,1
DA:119,2
DA:121,1
DA:123,2
DA:124,1
DA:127,1
DA:129,4
DA:130,1
DA:134,1
DA:135,2
DA:137,1
DA:139,4
DA:142,1
DA:143,2
DA:145,1
DA:147,4
DA:150,1
DA:151,2
DA:153,1
DA:155,2
DA:158,1
DA:160,2
DA:164,1
DA:166,2
DA:169,1
DA:171,2
DA:175,1
DA:177,2
DA:180,1
DA:182,2
DA:186,1
DA:188,2
DA:191,1
DA:193,2
DA:197,1
DA:199,2
DA:202,1
DA:204,2
DA:208,0
DA:211,0
DA:212,0
DA:213,0
DA:214,0
DA:215,0
DA:216,0
DA:217,0
DA:218,0
LF:100
LH:82
end_of_record
SF:lib\ui\controller\home.controller.dart
DA:23,2
DA:28,4
DA:29,4
DA:30,12
DA:58,1
DA:59,3
DA:60,1
DA:61,2
DA:62,2
DA:63,2
DA:64,2
DA:65,2
DA:67,2
DA:74,1
DA:76,2
DA:77,2
DA:78,0
DA:79,0
DA:82,1
DA:85,1
DA:86,2
DA:87,1
DA:88,2
DA:89,2
DA:94,1
DA:97,3
DA:98,2
DA:99,2
DA:100,2
DA:101,2
DA:107,1
DA:109,3
DA:110,2
DA:112,2
DA:116,1
DA:118,2
DA:120,2
DA:123,1
DA:125,1
DA:128,1
DA:130,1
DA:133,1
DA:135,2
DA:136,6
DA:137,6
DA:140,1
DA:142,2
DA:143,2
DA:144,1
LF:49
LH:47
end_of_record
SF:lib\ui\controller\transaction.controller.g.dart
DA:12,2
DA:13,4
DA:15,2
DA:17,4
DA:18,2
DA:21,2
DA:23,8
DA:24,2
DA:28,2
DA:29,4
DA:31,1
DA:33,2
DA:34,1
DA:37,2
DA:39,8
DA:40,2
DA:44,2
DA:45,4
DA:47,2
DA:49,4
DA:50,2
DA:53,2
DA:55,8
DA:56,2
DA:60,4
DA:61,2
DA:63,2
DA:65,4
DA:66,2
DA:69,2
DA:71,8
DA:72,2
DA:76,4
DA:77,2
DA:79,2
DA:81,4
DA:82,2
DA:85,2
DA:87,8
DA:88,2
DA:92,4
DA:93,2
DA:95,2
DA:97,4
DA:98,2
DA:101,2
DA:103,8
DA:104,2
DA:108,0
DA:111,0
DA:112,0
DA:113,0
DA:114,0
DA:115,0
DA:116,0
DA:117,0
LF:56
LH:48
end_of_record
SF:lib\ui\controller\transaction.controller.dart
DA:17,2
DA:23,2
DA:24,2
DA:25,2
DA:26,2
DA:27,2
DA:28,2
DA:30,2
DA:32,4
DA:33,2
DA:34,6
DA:36,6
DA:38,6
DA:40,2
DA:47,2
DA:48,2
DA:49,4
DA:50,2
DA:51,2
DA:52,2
DA:53,2
DA:54,4
LF:22
LH:22
end_of_record
SF:lib\infra\services\transaction.service.dart
DA:6,0
DA:7,0
DA:9,0
DA:12,0
DA:13,0
DA:14,0
DA:15,0
DA:20,0
DA:21,0
DA:23,0
DA:26,0
DA:27,0
DA:28,0
DA:29,0
DA:30,0
DA:35,0
DA:36,0
DA:38,0
DA:41,0
DA:42,0
DA:43,0
DA:44,0
DA:45,0
DA:50,0
DA:51,0
DA:53,0
DA:55,0
DA:56,0
DA:57,0
DA:58,0
DA:61,0
DA:62,0
DA:63,0
DA:64,0
DA:66,0
LF:35
LH:0
end_of_record
SF:lib\ui\controller\register.controller.dart
DA:15,1
DA:31,1
DA:32,1
DA:35,1
DA:36,1
DA:39,1
DA:40,1
DA:43,1
DA:44,1
DA:47,1
DA:48,2
DA:49,0
DA:52,4
DA:53,0
DA:55,3
DA:56,0
DA:58,2
DA:59,4
DA:60,1
DA:61,4
DA:62,1
DA:63,1
DA:64,1
DA:66,2
DA:68,1
DA:70,0
LF:26
LH:22
end_of_record
SF:lib\ui\controller\register.controller.g.dart
DA:15,0
DA:17,0
DA:18,0
DA:21,0
DA:23,0
DA:24,0
DA:31,0
DA:33,0
DA:34,0
DA:37,0
DA:39,0
DA:40,0
DA:41,0
DA:45,0
DA:48,0
DA:49,0
DA:50,0
LF:17
LH:0
end_of_record
SF:lib\ui\components\home\avatar.dart
DA:6,1
DA:8,1
DA:10,2
DA:12,1
DA:14,1
DA:17,1
DA:20,1
DA:22,1
DA:23,1
DA:27,1
DA:29,1
DA:30,1
DA:32,1
DA:33,1
DA:39,1
DA:41,1
DA:42,1
DA:44,1
DA:45,1
DA:48,1
DA:49,1
DA:50,2
DA:51,1
DA:70,1
DA:71,4
DA:72,1
DA:73,2
LF:27
LH:27
end_of_record
